[0m13:06:14.244452 [debug] [MainThread]: Sending event: {'category': 'dbt', 'action': 'invocation', 'label': 'start', 'context': [<snowplow_tracker.self_describing_json.SelfDescribingJson object at 0x107b62d50>, <snowplow_tracker.self_describing_json.SelfDescribingJson object at 0x107b61d00>, <snowplow_tracker.self_describing_json.SelfDescribingJson object at 0x107a00d10>]}


============================== 13:06:14.253374 | e34c83c2-2442-4bf9-863e-7c2806e2d092 ==============================
[0m13:06:14.253374 [info ] [MainThread]: Running with dbt=1.7.8
[0m13:06:14.254315 [debug] [MainThread]: running dbt with arguments {'printer_width': '80', 'indirect_selection': 'eager', 'write_json': 'True', 'log_cache_events': 'False', 'partial_parse': 'True', 'cache_selected_only': 'False', 'warn_error': 'None', 'debug': 'False', 'version_check': 'True', 'log_path': 'logs', 'fail_fast': 'False', 'profiles_dir': '/Users/tatumbrannan/.dbt', 'use_colors': 'True', 'use_experimental_parser': 'False', 'no_print': 'None', 'quiet': 'False', 'log_format': 'default', 'invocation_command': 'dbt build', 'warn_error_options': 'WarnErrorOptions(include=[], exclude=[])', 'static_parser': 'True', 'target_path': 'None', 'introspect': 'True', 'send_anonymous_usage_stats': 'True'}
[0m13:06:14.255115 [error] [MainThread]: Encountered an error:
Runtime Error
  No dbt_project.yml found at expected path /Users/tatumbrannan/Documents/github/tatumbrannan.github.io/dbt_project.yml
  Verify that each entry within packages.yml (and their transitive dependencies) contains a file named dbt_project.yml
  
[0m13:06:14.293872 [debug] [MainThread]: Resource report: {"command_name": "build", "command_wall_clock_time": 0.13938954, "process_user_time": 2.438698, "process_kernel_time": 0.424377, "process_mem_max_rss": "95522816", "command_success": false, "process_in_blocks": "0", "process_out_blocks": "0"}
[0m13:06:14.295039 [debug] [MainThread]: Command `dbt build` failed at 13:06:14.294794 after 0.14 seconds
[0m13:06:14.295981 [debug] [MainThread]: Sending event: {'category': 'dbt', 'action': 'invocation', 'label': 'end', 'context': [<snowplow_tracker.self_describing_json.SelfDescribingJson object at 0x1079d5d90>, <snowplow_tracker.self_describing_json.SelfDescribingJson object at 0x1036d0c50>, <snowplow_tracker.self_describing_json.SelfDescribingJson object at 0x10372aff0>]}
[0m13:06:14.296533 [debug] [MainThread]: Flushing usage events
[0m13:08:14.528393 [debug] [MainThread]: Sending event: {'category': 'dbt', 'action': 'invocation', 'label': 'start', 'context': [<snowplow_tracker.self_describing_json.SelfDescribingJson object at 0x10a656240>, <snowplow_tracker.self_describing_json.SelfDescribingJson object at 0x10a54d460>, <snowplow_tracker.self_describing_json.SelfDescribingJson object at 0x10a689f10>]}


============================== 13:08:14.535503 | 19dd2966-dfbb-448c-b54c-0935e5d4690c ==============================
[0m13:08:14.535503 [info ] [MainThread]: Running with dbt=1.7.8
[0m13:08:14.536385 [debug] [MainThread]: running dbt with arguments {'printer_width': '80', 'indirect_selection': 'eager', 'log_cache_events': 'False', 'write_json': 'True', 'partial_parse': 'True', 'cache_selected_only': 'False', 'profiles_dir': '/Users/tatumbrannan/.dbt', 'version_check': 'True', 'debug': 'False', 'log_path': '/Users/tatumbrannan/Documents/github/tatumbrannan.github.io/logs', 'fail_fast': 'False', 'warn_error': 'None', 'use_colors': 'True', 'use_experimental_parser': 'False', 'no_print': 'None', 'quiet': 'False', 'warn_error_options': 'WarnErrorOptions(include=[], exclude=[])', 'static_parser': 'True', 'introspect': 'True', 'log_format': 'default', 'target_path': 'None', 'invocation_command': 'dbt build', 'send_anonymous_usage_stats': 'True'}
[0m13:08:15.414769 [debug] [MainThread]: Sending event: {'category': 'dbt', 'action': 'project_id', 'label': '19dd2966-dfbb-448c-b54c-0935e5d4690c', 'context': [<snowplow_tracker.self_describing_json.SelfDescribingJson object at 0x10a1d6d80>]}
[0m13:08:15.521533 [debug] [MainThread]: Sending event: {'category': 'dbt', 'action': 'adapter_info', 'label': '19dd2966-dfbb-448c-b54c-0935e5d4690c', 'context': [<snowplow_tracker.self_describing_json.SelfDescribingJson object at 0x10b9f54c0>]}
[0m13:08:15.523448 [info ] [MainThread]: Registered adapter: snowflake=1.7.2
[0m13:08:15.581852 [debug] [MainThread]: checksum: 67f0013ca5f0bd43af9a0873dd50792fde83ef69de63b71cacd0b4ac656c52e5, vars: {}, profile: , target: , version: 1.7.8
[0m13:08:15.582984 [info ] [MainThread]: Unable to do partial parsing because saved manifest not found. Starting full parse.
[0m13:08:15.583617 [debug] [MainThread]: Sending event: {'category': 'dbt', 'action': 'partial_parser', 'label': '19dd2966-dfbb-448c-b54c-0935e5d4690c', 'context': [<snowplow_tracker.self_describing_json.SelfDescribingJson object at 0x10b851730>]}
[0m13:08:16.587065 [warn ] [MainThread]: [[33mWARNING[0m]: Configuration paths exist in your dbt_project.yml file which do not apply to any resources.
There are 2 unused configuration paths:
- models.macro_testing
- seeds
[0m13:08:16.592831 [debug] [MainThread]: Sending event: {'category': 'dbt', 'action': 'load_project', 'label': '19dd2966-dfbb-448c-b54c-0935e5d4690c', 'context': [<snowplow_tracker.self_describing_json.SelfDescribingJson object at 0x10bb57230>]}
[0m13:08:16.602509 [debug] [MainThread]: Sending event: {'category': 'dbt', 'action': 'resource_counts', 'label': '19dd2966-dfbb-448c-b54c-0935e5d4690c', 'context': [<snowplow_tracker.self_describing_json.SelfDescribingJson object at 0x10bb57aa0>]}
[0m13:08:16.603968 [info ] [MainThread]: Found 0 sources, 0 exposures, 0 metrics, 430 macros, 0 groups, 0 semantic models
[0m13:08:16.607165 [info ] [MainThread]: 
[0m13:08:16.607968 [warn ] [MainThread]: Nothing to do. Try checking your model configs and model specification args
[0m13:08:16.608754 [debug] [MainThread]: Command end result
[0m13:08:16.618017 [debug] [MainThread]: Resource report: {"command_name": "build", "command_success": true, "command_wall_clock_time": 2.1601286, "process_user_time": 3.703175, "process_kernel_time": 0.318314, "process_mem_max_rss": "115171328", "process_in_blocks": "0", "process_out_blocks": "0"}
[0m13:08:16.618990 [debug] [MainThread]: Command `dbt build` succeeded at 13:08:16.618714 after 2.16 seconds
[0m13:08:16.620029 [debug] [MainThread]: Sending event: {'category': 'dbt', 'action': 'invocation', 'label': 'end', 'context': [<snowplow_tracker.self_describing_json.SelfDescribingJson object at 0x10a68a120>, <snowplow_tracker.self_describing_json.SelfDescribingJson object at 0x10b853bc0>, <snowplow_tracker.self_describing_json.SelfDescribingJson object at 0x10a636360>]}
[0m13:08:16.620603 [debug] [MainThread]: Flushing usage events
